Performing C SOURCE FILE Test CMAKE_HAVE_LIBC_PTHREAD failed with the following output:
Change Dir: /home/gsd/mbbm/monarch/pastor/build/CMakeFiles/CMakeTmp

Run Build Command(s):/usr/bin/make cmTC_a2d6c/fast && /usr/bin/make  -f CMakeFiles/cmTC_a2d6c.dir/build.make CMakeFiles/cmTC_a2d6c.dir/build
make[1]: Entering directory '/home/gsd/mbbm/monarch/pastor/build/CMakeFiles/CMakeTmp'
Building C object CMakeFiles/cmTC_a2d6c.dir/src.c.o
/usr/bin/cc -DCMAKE_HAVE_LIBC_PTHREAD   -o CMakeFiles/cmTC_a2d6c.dir/src.c.o -c /home/gsd/mbbm/monarch/pastor/build/CMakeFiles/CMakeTmp/src.c
Linking C executable cmTC_a2d6c
/home/gsd/mbbm/grpc/bin/cmake -E cmake_link_script CMakeFiles/cmTC_a2d6c.dir/link.txt --verbose=1
/usr/bin/cc CMakeFiles/cmTC_a2d6c.dir/src.c.o -o cmTC_a2d6c 
/usr/bin/ld: CMakeFiles/cmTC_a2d6c.dir/src.c.o: in function `main':
src.c:(.text+0x46): undefined reference to `pthread_create'
/usr/bin/ld: src.c:(.text+0x52): undefined reference to `pthread_detach'
/usr/bin/ld: src.c:(.text+0x5e): undefined reference to `pthread_cancel'
/usr/bin/ld: src.c:(.text+0x6f): undefined reference to `pthread_join'
collect2: error: ld returned 1 exit status
make[1]: *** [CMakeFiles/cmTC_a2d6c.dir/build.make:106: cmTC_a2d6c] Error 1
make[1]: Leaving directory '/home/gsd/mbbm/monarch/pastor/build/CMakeFiles/CMakeTmp'
make: *** [Makefile:140: cmTC_a2d6c/fast] Error 2


Source file was:
#include <pthread.h>

static void* test_func(void* data)
{
  return data;
}

int main(void)
{
  pthread_t thread;
  pthread_create(&thread, NULL, test_func, NULL);
  pthread_detach(thread);
  pthread_cancel(thread);
  pthread_join(thread, NULL);
  pthread_atfork(NULL, NULL, NULL);
  pthread_exit(NULL);

  return 0;
}

Determining if the function pthread_create exists in the pthreads failed with the following output:
Change Dir: /home/gsd/mbbm/monarch/pastor/build/CMakeFiles/CMakeTmp

Run Build Command(s):/usr/bin/make cmTC_7bba8/fast && /usr/bin/make  -f CMakeFiles/cmTC_7bba8.dir/build.make CMakeFiles/cmTC_7bba8.dir/build
make[1]: Entering directory '/home/gsd/mbbm/monarch/pastor/build/CMakeFiles/CMakeTmp'
Building C object CMakeFiles/cmTC_7bba8.dir/CheckFunctionExists.c.o
/usr/bin/cc   -DCHECK_FUNCTION_EXISTS=pthread_create -o CMakeFiles/cmTC_7bba8.dir/CheckFunctionExists.c.o -c /home/gsd/mbbm/grpc/share/cmake-3.19/Modules/CheckFunctionExists.c
Linking C executable cmTC_7bba8
/home/gsd/mbbm/grpc/bin/cmake -E cmake_link_script CMakeFiles/cmTC_7bba8.dir/link.txt --verbose=1
/usr/bin/cc  -DCHECK_FUNCTION_EXISTS=pthread_create CMakeFiles/cmTC_7bba8.dir/CheckFunctionExists.c.o -o cmTC_7bba8  -lpthreads 
/usr/bin/ld: cannot find -lpthreads
collect2: error: ld returned 1 exit status
make[1]: *** [CMakeFiles/cmTC_7bba8.dir/build.make:106: cmTC_7bba8] Error 1
make[1]: Leaving directory '/home/gsd/mbbm/monarch/pastor/build/CMakeFiles/CMakeTmp'
make: *** [Makefile:140: cmTC_7bba8/fast] Error 2



